<?xml version="1.0" encoding="UTF-8"?>
<testsuite xmlns:xsi="http://www.w3.org/2001/XMLSchema-instance" xsi:noNamespaceSchemaLocation="https://maven.apache.org/surefire/maven-surefire-plugin/xsd/surefire-test-report-3.0.xsd" version="3.0" name="br.com.aval.testes.login.LoginTest" time="2.901" tests="3" errors="0" skipped="0" failures="0">
  <properties>
[...]
</properties>
  <testcase name="verifyLoginEmptyUsernameAndPassword" classname="br.com.aval.testes.login.LoginTest" time="1.973">
    <system-out><![CDATA[Request method:	POST
Request URI:	https://dummyjson.com/auth/login
Proxy:			<none>
Request params:	<none>
Query params:	<none>
Form params:	<none>
Path params:	<none>
Headers:		Accept=*/*
				Content-Type=application/json
Cookies:		<none>
Multiparts:		<none>
Body:
{
    "username": "",
    "password": ""
}
HTTP/1.1 400 Bad Request
Access-Control-Allow-Origin: *
Content-Length: 44
Content-Type: application/json; charset=utf-8
Date: Fri, 16 May 2025 13:53:10 GMT
Etag: W/"2c-JAq5V8MKfWmWXvKJFTg6rvXRjdU"
Server: railway-edge
Strict-Transport-Security: max-age=15552000; includeSubDomains
Vary: Accept-Encoding
X-Content-Type-Options: nosniff
X-Dns-Prefetch-Control: off
X-Download-Options: noopen
X-Frame-Options: SAMEORIGIN
X-Powered-By: Cats on Keyboards
X-Railway-Edge: railway/us-east4-eqdc4a
X-Railway-Request-Id: QEs4xXXnQuKJUcF6g4a9AQ
X-Ratelimit-Limit: 100
X-Ratelimit-Remaining: 99
X-Ratelimit-Reset: 1747403600
X-Xss-Protection: 1; mode=block

{
    "message": "Username and password required"
}
]]></system-out>
    <system-err><![CDATA[SLF4J: Failed to load class "org.slf4j.impl.StaticLoggerBinder".
SLF4J: Defaulting to no-operation (NOP) logger implementation
SLF4J: See http://www.slf4j.org/codes.html#StaticLoggerBinder for further details.
]]></system-err>
  </testcase>
  <testcase name="verifyLoginFailure" classname="br.com.aval.testes.login.LoginTest" time="0.388">
    <system-out><![CDATA[Request method:	POST
Request URI:	https://dummyjson.com/auth/login
Proxy:			<none>
Request params:	<none>
Query params:	<none>
Form params:	<none>
Path params:	<none>
Headers:		Accept=*/*
				Content-Type=application/json
Cookies:		<none>
Multiparts:		<none>
Body:
{
    "username": "emilys",
    "password": "3232"
}
HTTP/1.1 400 Bad Request
Access-Control-Allow-Origin: *
Content-Length: 33
Content-Type: application/json; charset=utf-8
Date: Fri, 16 May 2025 13:53:11 GMT
Etag: W/"21-dBEoW0UmTF+EGUMaprEp9/8zNNA"
Server: railway-edge
Strict-Transport-Security: max-age=15552000; includeSubDomains
Vary: Accept-Encoding
X-Content-Type-Options: nosniff
X-Dns-Prefetch-Control: off
X-Download-Options: noopen
X-Frame-Options: SAMEORIGIN
X-Powered-By: Cats on Keyboards
X-Railway-Edge: railway/us-east4-eqdc4a
X-Railway-Request-Id: 6qdeU5WPQOe65dijg4a9AQ
X-Ratelimit-Limit: 100
X-Ratelimit-Remaining: 98
X-Ratelimit-Reset: 1747403600
X-Xss-Protection: 1; mode=block

{
    "message": "Invalid credentials"
}
]]></system-out>
  </testcase>
  <testcase name="loginSuccess" classname="br.com.aval.testes.login.LoginTest" time="0.498">
    <system-out><![CDATA[Request method:	POST
Request URI:	https://dummyjson.com/auth/login
Proxy:			<none>
Request params:	<none>
Query params:	<none>
Form params:	<none>
Path params:	<none>
Headers:		Accept=*/*
				Content-Type=application/json
Cookies:		<none>
Multiparts:		<none>
Body:
{
    "username": "emilys",
    "password": "emilyspass"
}
HTTP/1.1 200 OK
Access-Control-Allow-Origin: *
Content-Length: 930
Content-Type: application/json; charset=utf-8
Date: Fri, 16 May 2025 13:53:11 GMT
Etag: W/"3a2-e8QPH6tFGlWpJQx7/zuaipNsj/4"
Server: railway-edge
Set-Cookie: accessToken=eyJhbGciOiJIUzI1NiIsInR5cCI6IkpXVCJ9.eyJpZCI6MSwidXNlcm5hbWUiOiJlbWlseXMiLCJlbWFpbCI6ImVtaWx5LmpvaG5zb25AeC5kdW1teWpzb24uY29tIiwiZmlyc3ROYW1lIjoiRW1pbHkiLCJsYXN0TmFtZSI6IkpvaG5zb24iLCJnZW5kZXIiOiJmZW1hbGUiLCJpbWFnZSI6Imh0dHBzOi8vZHVtbXlqc29uLmNvbS9pY29uL2VtaWx5cy8xMjgiLCJpYXQiOjE3NDc0MDM1OTEsImV4cCI6MTc0NzQwNzE5MX0.t3zcNYbF69eL6-4OQfp1gj2ZSEWm_VuAJw4Q-uV5ovA; Max-Age=3600; Path=/; Expires=Fri, 16 May 2025 14:53:11 GMT; HttpOnly; Secure
Set-Cookie: refreshToken=eyJhbGciOiJIUzI1NiIsInR5cCI6IkpXVCJ9.eyJpZCI6MSwidXNlcm5hbWUiOiJlbWlseXMiLCJlbWFpbCI6ImVtaWx5LmpvaG5zb25AeC5kdW1teWpzb24uY29tIiwiZmlyc3ROYW1lIjoiRW1pbHkiLCJsYXN0TmFtZSI6IkpvaG5zb24iLCJnZW5kZXIiOiJmZW1hbGUiLCJpbWFnZSI6Imh0dHBzOi8vZHVtbXlqc29uLmNvbS9pY29uL2VtaWx5cy8xMjgiLCJpYXQiOjE3NDc0MDM1OTEsImV4cCI6MTc0OTk5NTU5MX0.C2DOcIQ9KwTx9hHRigLTdJ_7d1yXf4R7wJsmFBbSsiI; Max-Age=3600; Path=/; Expires=Fri, 16 May 2025 14:53:11 GMT; HttpOnly; Secure
Strict-Transport-Security: max-age=15552000; includeSubDomains
Vary: Accept-Encoding
X-Content-Type-Options: nosniff
X-Dns-Prefetch-Control: off
X-Download-Options: noopen
X-Frame-Options: SAMEORIGIN
X-Powered-By: Cats on Keyboards
X-Railway-Edge: railway/us-east4-eqdc4a
X-Railway-Request-Id: -2EH_mGbSqmprnaOCx5-qw
X-Ratelimit-Limit: 100
X-Ratelimit-Remaining: 99
X-Ratelimit-Reset: 1747403595
X-Xss-Protection: 1; mode=block

{
    "accessToken": "eyJhbGciOiJIUzI1NiIsInR5cCI6IkpXVCJ9.eyJpZCI6MSwidXNlcm5hbWUiOiJlbWlseXMiLCJlbWFpbCI6ImVtaWx5LmpvaG5zb25AeC5kdW1teWpzb24uY29tIiwiZmlyc3ROYW1lIjoiRW1pbHkiLCJsYXN0TmFtZSI6IkpvaG5zb24iLCJnZW5kZXIiOiJmZW1hbGUiLCJpbWFnZSI6Imh0dHBzOi8vZHVtbXlqc29uLmNvbS9pY29uL2VtaWx5cy8xMjgiLCJpYXQiOjE3NDc0MDM1OTEsImV4cCI6MTc0NzQwNzE5MX0.t3zcNYbF69eL6-4OQfp1gj2ZSEWm_VuAJw4Q-uV5ovA",
    "refreshToken": "eyJhbGciOiJIUzI1NiIsInR5cCI6IkpXVCJ9.eyJpZCI6MSwidXNlcm5hbWUiOiJlbWlseXMiLCJlbWFpbCI6ImVtaWx5LmpvaG5zb25AeC5kdW1teWpzb24uY29tIiwiZmlyc3ROYW1lIjoiRW1pbHkiLCJsYXN0TmFtZSI6IkpvaG5zb24iLCJnZW5kZXIiOiJmZW1hbGUiLCJpbWFnZSI6Imh0dHBzOi8vZHVtbXlqc29uLmNvbS9pY29uL2VtaWx5cy8xMjgiLCJpYXQiOjE3NDc0MDM1OTEsImV4cCI6MTc0OTk5NTU5MX0.C2DOcIQ9KwTx9hHRigLTdJ_7d1yXf4R7wJsmFBbSsiI",
    "id": 1,
    "username": "emilys",
    "email": "emily.johnson@x.dummyjson.com",
    "firstName": "Emily",
    "lastName": "Johnson",
    "gender": "female",
    "image": "https://dummyjson.com/icon/emilys/128"
}
]]></system-out>
  </testcase>
</testsuite>